<?xml version="1.0" encoding="UTF-8" ?>
<testsuite failures="0" time="0.202" errors="0" skipped="0" tests="9" name="br.com.appscpj.domain.ProcessoIntegrationTest">
  <properties>
[...]
</properties>
  <testcase time="0.001" classname="br.com.appscpj.domain.ProcessoIntegrationTest" name="testMarkerMethod"/>
  <testcase time="0.063" classname="br.com.appscpj.domain.ProcessoIntegrationTest" name="testFlush"/>
  <testcase time="0.023" classname="br.com.appscpj.domain.ProcessoIntegrationTest" name="testCountAllProcessoes"/>
  <testcase time="0.016" classname="br.com.appscpj.domain.ProcessoIntegrationTest" name="testFindProcesso"/>
  <testcase time="0.021" classname="br.com.appscpj.domain.ProcessoIntegrationTest" name="testFindAllProcessoes"/>
  <testcase time="0.02" classname="br.com.appscpj.domain.ProcessoIntegrationTest" name="testFindProcessoEntries"/>
  <testcase time="0.021" classname="br.com.appscpj.domain.ProcessoIntegrationTest" name="testUpdateProcessoUpdate"/>
  <testcase time="0.018" classname="br.com.appscpj.domain.ProcessoIntegrationTest" name="testSaveProcesso"/>
  <testcase time="0.019" classname="br.com.appscpj.domain.ProcessoIntegrationTest" name="testDeleteProcesso"/>
</testsuite>